<?xml version="1.0" encoding="UTF-8"?>
<testng-results skipped="0" failed="0" total="2" passed="2">
  <reporter-output>
  </reporter-output>
  <suite name="Default suite" duration-ms="21066" started-at="2019-05-06T18:13:48Z" finished-at="2019-05-06T18:14:09Z">
    <groups>
    </groups>
    <test name="Default test" duration-ms="21066" started-at="2019-05-06T18:13:48Z" finished-at="2019-05-06T18:14:09Z">
      <class name="com.freecrm.testpages.LoginPageTest">
        <test-method status="PASS" signature="setUp()[pri:0, instance:com.freecrm.testpages.LoginPageTest@5e5792a0]" name="setUp" is-config="true" duration-ms="7416" started-at="2019-05-06T11:13:48Z" finished-at="2019-05-06T11:13:56Z">
          <reporter-output>
          </reporter-output>
        </test-method> <!-- setUp -->
        <test-method status="PASS" signature="loginPageTitleTest()[pri:1, instance:com.freecrm.testpages.LoginPageTest@5e5792a0]" name="loginPageTitleTest" duration-ms="409" started-at="2019-05-06T11:13:56Z" finished-at="2019-05-06T11:13:56Z">
          <reporter-output>
          </reporter-output>
        </test-method> <!-- loginPageTitleTest -->
        <test-method status="PASS" signature="teardown()[pri:0, instance:com.freecrm.testpages.LoginPageTest@5e5792a0]" name="teardown" is-config="true" duration-ms="846" started-at="2019-05-06T11:13:56Z" finished-at="2019-05-06T11:13:57Z">
          <reporter-output>
          </reporter-output>
        </test-method> <!-- teardown -->
        <test-method status="PASS" signature="setUp()[pri:0, instance:com.freecrm.testpages.LoginPageTest@5e5792a0]" name="setUp" is-config="true" duration-ms="5464" started-at="2019-05-06T11:13:57Z" finished-at="2019-05-06T11:14:02Z">
          <reporter-output>
          </reporter-output>
        </test-method> <!-- setUp -->
        <test-method status="PASS" signature="loginTest()[pri:2, instance:com.freecrm.testpages.LoginPageTest@5e5792a0]" name="loginTest" duration-ms="6092" started-at="2019-05-06T11:14:02Z" finished-at="2019-05-06T11:14:09Z">
          <reporter-output>
          </reporter-output>
        </test-method> <!-- loginTest -->
        <test-method status="PASS" signature="teardown()[pri:0, instance:com.freecrm.testpages.LoginPageTest@5e5792a0]" name="teardown" is-config="true" duration-ms="804" started-at="2019-05-06T11:14:09Z" finished-at="2019-05-06T11:14:09Z">
          <reporter-output>
          </reporter-output>
        </test-method> <!-- teardown -->
      </class> <!-- com.freecrm.testpages.LoginPageTest -->
    </test> <!-- Default test -->
  </suite> <!-- Default suite -->
</testng-results>
